Release 14.7 - xst P.20131013 (lin64)
Copyright (c) 1995-2013 Xilinx, Inc.  All rights reserved.
--> 
Parameter TMPDIR set to xst/projnav.tmp


Total REAL time to Xst completion: 0.00 secs
Total CPU time to Xst completion: 0.06 secs
 
--> 
Parameter xsthdpdir set to xst


Total REAL time to Xst completion: 0.00 secs
Total CPU time to Xst completion: 0.06 secs
 
--> 
Reading design: top_vhdl.prj

TABLE OF CONTENTS
  1) Synthesis Options Summary
  2) HDL Parsing
  3) HDL Elaboration
  4) HDL Synthesis
       4.1) HDL Synthesis Report
  5) Advanced HDL Synthesis
       5.1) Advanced HDL Synthesis Report
  6) Low Level Synthesis
  7) Partition Report
  8) Design Summary
       8.1) Primitive and Black Box Usage
       8.2) Device utilization summary
       8.3) Partition Resource Summary
       8.4) Timing Report
            8.4.1) Clock Information
            8.4.2) Asynchronous Control Signals Information
            8.4.3) Timing Summary
            8.4.4) Timing Details
            8.4.5) Cross Clock Domains Report


=========================================================================
*                      Synthesis Options Summary                        *
=========================================================================
---- Source Parameters
Input File Name                    : "top_vhdl.prj"
Ignore Synthesis Constraint File   : NO

---- Target Parameters
Output File Name                   : "top_vhdl"
Output Format                      : NGC
Target Device                      : xc6slx9-2-tqg144

---- Source Options
Top Module Name                    : top_vhdl
Automatic FSM Extraction           : YES
FSM Encoding Algorithm             : Auto
Safe Implementation                : No
FSM Style                          : LUT
RAM Extraction                     : Yes
RAM Style                          : Auto
ROM Extraction                     : Yes
Shift Register Extraction          : YES
ROM Style                          : Auto
Resource Sharing                   : YES
Asynchronous To Synchronous        : NO
Shift Register Minimum Size        : 2
Use DSP Block                      : Auto
Automatic Register Balancing       : No

---- Target Options
LUT Combining                      : Auto
Reduce Control Sets                : Auto
Add IO Buffers                     : YES
Global Maximum Fanout              : 100000
Add Generic Clock Buffer(BUFG)     : 16
Register Duplication               : YES
Optimize Instantiated Primitives   : NO
Use Clock Enable                   : Auto
Use Synchronous Set                : Auto
Use Synchronous Reset              : Auto
Pack IO Registers into IOBs        : Auto
Equivalent register Removal        : YES

---- General Options
Optimization Goal                  : Speed
Optimization Effort                : 1
Power Reduction                    : NO
Keep Hierarchy                     : No
Netlist Hierarchy                  : As_Optimized
RTL Output                         : Yes
Global Optimization                : AllClockNets
Read Cores                         : YES
Write Timing Constraints           : NO
Cross Clock Analysis               : NO
Hierarchy Separator                : /
Bus Delimiter                      : <>
Case Specifier                     : Maintain
Slice Utilization Ratio            : 100
BRAM Utilization Ratio             : 100
DSP48 Utilization Ratio            : 100
Auto BRAM Packing                  : NO
Slice Utilization Ratio Delta      : 5

=========================================================================


=========================================================================
*                          HDL Parsing                                  *
=========================================================================
Parsing VHDL file "/home/sfn/Documents/xilinx/project/BinaryCounter/ClockDivider.vhd" into library work
Parsing entity <ClockDivider>.
Parsing architecture <RTL> of entity <clockdivider>.
Parsing VHDL file "/home/sfn/Documents/xilinx/project/BinaryCounter/top_vhdl.vhd" into library work
Parsing entity <top_vhdl>.
Parsing architecture <RTL> of entity <top_vhdl>.

=========================================================================
*                            HDL Elaboration                            *
=========================================================================

Elaborating entity <top_vhdl> (architecture <RTL>) from library <work>.

Elaborating entity <ClockDivider> (architecture <RTL>) from library <work>.
WARNING:HDLCompiler:92 - "/home/sfn/Documents/xilinx/project/BinaryCounter/ClockDivider.vhd" Line 39: rst should be on the sensitivity list of the process

=========================================================================
*                           HDL Synthesis                               *
=========================================================================

Synthesizing Unit <top_vhdl>.
    Related source file is "/home/sfn/Documents/xilinx/project/BinaryCounter/top_vhdl.vhd".
    Found 8-bit register for signal <led>.
    Found 8-bit register for signal <counter>.
    Found 8-bit adder for signal <counter[7]_GND_5_o_add_0_OUT> created at line 32.
    Summary:
	inferred   1 Adder/Subtractor(s).
	inferred  16 D-type flip-flop(s).
Unit <top_vhdl> synthesized.

Synthesizing Unit <ClockDivider>.
    Related source file is "/home/sfn/Documents/xilinx/project/BinaryCounter/ClockDivider.vhd".
    Found 32-bit register for signal <count>.
    Found 1-bit register for signal <rst>.
    Found 32-bit adder for signal <count[31]_GND_6_o_add_0_OUT> created at line 31.
    Summary:
	inferred   1 Adder/Subtractor(s).
	inferred  33 D-type flip-flop(s).
	inferred   1 Multiplexer(s).
Unit <ClockDivider> synthesized.

=========================================================================
HDL Synthesis Report

Macro Statistics
# Adders/Subtractors                                   : 2
 32-bit adder                                          : 1
 8-bit adder                                           : 1
# Registers                                            : 4
 1-bit register                                        : 1
 32-bit register                                       : 1
 8-bit register                                        : 2
# Multiplexers                                         : 1
 32-bit 2-to-1 multiplexer                             : 1

=========================================================================

=========================================================================
*                       Advanced HDL Synthesis                          *
=========================================================================


Synthesizing (advanced) Unit <top_vhdl>.
The following registers are absorbed into counter <counter>: 1 register on signal <counter>.
Unit <top_vhdl> synthesized (advanced).

=========================================================================
Advanced HDL Synthesis Report

Macro Statistics
# Adders/Subtractors                                   : 1
 32-bit adder                                          : 1
# Counters                                             : 1
 8-bit up counter                                      : 1
# Registers                                            : 41
 Flip-Flops                                            : 41
# Multiplexers                                         : 1
 32-bit 2-to-1 multiplexer                             : 1

=========================================================================

=========================================================================
*                         Low Level Synthesis                           *
=========================================================================

Optimizing unit <top_vhdl> ...

Optimizing unit <ClockDivider> ...

Mapping all equations...
Building and optimizing final netlist ...
Found area constraint ratio of 100 (+ 5) on block top_vhdl, actual ratio is 1.

Final Macro Processing ...

=========================================================================
Final Register Report

Macro Statistics
# Registers                                            : 49
 Flip-Flops                                            : 49

=========================================================================

=========================================================================
*                           Partition Report                            *
=========================================================================

Partition Implementation Status
-------------------------------

  No Partitions were found in this design.

-------------------------------

=========================================================================
*                            Design Summary                             *
=========================================================================

Top Level Output File Name         : top_vhdl.ngc

Primitive and Black Box Usage:
------------------------------
# BELS                             : 168
#      GND                         : 1
#      INV                         : 10
#      LUT1                        : 38
#      LUT4                        : 33
#      LUT5                        : 1
#      LUT6                        : 6
#      MUXCY                       : 38
#      VCC                         : 1
#      XORCY                       : 40
# FlipFlops/Latches                : 49
#      FDC                         : 40
#      FDP                         : 9
# Clock Buffers                    : 1
#      BUFGP                       : 1
# IO Buffers                       : 9
#      IBUF                        : 1
#      OBUF                        : 8

Device utilization summary:
---------------------------

Selected Device : 6slx9tqg144-2 


Slice Logic Utilization: 
 Number of Slice Registers:              49  out of  11440     0%  
 Number of Slice LUTs:                   88  out of   5720     1%  
    Number used as Logic:                88  out of   5720     1%  

Slice Logic Distribution: 
 Number of LUT Flip Flop pairs used:     88
   Number with an unused Flip Flop:      39  out of     88    44%  
   Number with an unused LUT:             0  out of     88     0%  
   Number of fully used LUT-FF pairs:    49  out of     88    55%  
   Number of unique control sets:         2

IO Utilization: 
 Number of IOs:                          10
 Number of bonded IOBs:                  10  out of    102     9%  

Specific Feature Utilization:
 Number of BUFG/BUFGCTRLs:                1  out of     16     6%  

---------------------------
Partition Resource Summary:
---------------------------

  No Partitions were found in this design.

---------------------------


=========================================================================
Timing Report

NOTE: THESE TIMING NUMBERS ARE ONLY A SYNTHESIS ESTIMATE.
      FOR ACCURATE TIMING INFORMATION PLEASE REFER TO THE TRACE REPORT
      GENERATED AFTER PLACE-and-ROUTE.

Clock Information:
------------------
-----------------------------------+------------------------+-------+
Clock Signal                       | Clock buffer(FF name)  | Load  |
-----------------------------------+------------------------+-------+
bin_counter/rst                    | NONE(led_0)            | 16    |
clk                                | BUFGP                  | 33    |
-----------------------------------+------------------------+-------+
INFO:Xst:2169 - HDL ADVISOR - Some clock signals were not automatically buffered by XST with BUFG/BUFR resources. Please use the buffer_type constraint in order to insert these buffers to the clock signals to help prevent skew problems.

Asynchronous Control Signals Information:
----------------------------------------
No asynchronous control signals found in this design

Timing Summary:
---------------
Speed Grade: -2

   Minimum period: 4.728ns (Maximum Frequency: 211.506MHz)
   Minimum input arrival time before clock: 3.590ns
   Maximum output required time after clock: 4.118ns
   Maximum combinational path delay: No path found

Timing Details:
---------------
All values displayed in nanoseconds (ns)

=========================================================================
Timing constraint: Default period analysis for Clock 'bin_counter/rst'
  Clock period: 2.260ns (frequency: 442.478MHz)
  Total number of paths / destination ports: 44 / 16
-------------------------------------------------------------------------
Delay:               2.260ns (Levels of Logic = 1)
  Source:            counter_0 (FF)
  Destination:       led_0 (FF)
  Source Clock:      bin_counter/rst rising
  Destination Clock: bin_counter/rst rising

  Data Path: counter_0 to led_0
                                Gate     Net
    Cell:in->out      fanout   Delay   Delay  Logical Name (Net Name)
    ----------------------------------------  ------------
     FDC:C->Q              2   0.525   0.725  counter_0 (counter_0)
     INV:I->O              1   0.255   0.681  Mcount_counter_lut<0>_INV_0 (Mcount_counter_lut<0>)
     FDP:D                     0.074          led_0
    ----------------------------------------
    Total                      2.260ns (0.854ns logic, 1.406ns route)
                                       (37.8% logic, 62.2% route)

=========================================================================
Timing constraint: Default period analysis for Clock 'clk'
  Clock period: 4.728ns (frequency: 211.506MHz)
  Total number of paths / destination ports: 1585 / 33
-------------------------------------------------------------------------
Delay:               4.728ns (Levels of Logic = 3)
  Source:            bin_counter/count_20 (FF)
  Destination:       bin_counter/count_15 (FF)
  Source Clock:      clk rising
  Destination Clock: clk rising

  Data Path: bin_counter/count_20 to bin_counter/count_15
                                Gate     Net
    Cell:in->out      fanout   Delay   Delay  Logical Name (Net Name)
    ----------------------------------------  ------------
     FDC:C->Q              2   0.525   1.156  bin_counter/count_20 (bin_counter/count_20)
     LUT5:I0->O            2   0.254   1.002  bin_counter/GND_6_o_count[31]_equal_2_o<31>2 (bin_counter/GND_6_o_count[31]_equal_2_o<31>1)
     LUT6:I2->O           17   0.254   1.209  bin_counter/GND_6_o_count[31]_equal_2_o<31>5 (bin_counter/GND_6_o_count[31]_equal_2_o<31>4)
     LUT4:I3->O            1   0.254   0.000  bin_counter/Mmux_count[31]_GND_6_o_mux_2_OUT110 (bin_counter/count[31]_GND_6_o_mux_2_OUT<0>)
     FDP:D                     0.074          bin_counter/count_0
    ----------------------------------------
    Total                      4.728ns (1.361ns logic, 3.367ns route)
                                       (28.8% logic, 71.2% route)

=========================================================================
Timing constraint: Default OFFSET IN BEFORE for Clock 'bin_counter/rst'
  Total number of paths / destination ports: 16 / 16
-------------------------------------------------------------------------
Offset:              3.590ns (Levels of Logic = 1)
  Source:            rst (PAD)
  Destination:       led_0 (FF)
  Destination Clock: bin_counter/rst rising

  Data Path: rst to led_0
                                Gate     Net
    Cell:in->out      fanout   Delay   Delay  Logical Name (Net Name)
    ----------------------------------------  ------------
     IBUF:I->O            49   1.328   1.803  rst_IBUF (rst_IBUF)
     FDP:PRE                   0.459          led_0
    ----------------------------------------
    Total                      3.590ns (1.787ns logic, 1.803ns route)
                                       (49.8% logic, 50.2% route)

=========================================================================
Timing constraint: Default OFFSET IN BEFORE for Clock 'clk'
  Total number of paths / destination ports: 33 / 33
-------------------------------------------------------------------------
Offset:              3.590ns (Levels of Logic = 1)
  Source:            rst (PAD)
  Destination:       bin_counter/count_31 (FF)
  Destination Clock: clk rising

  Data Path: rst to bin_counter/count_31
                                Gate     Net
    Cell:in->out      fanout   Delay   Delay  Logical Name (Net Name)
    ----------------------------------------  ------------
     IBUF:I->O            49   1.328   1.803  rst_IBUF (rst_IBUF)
     FDP:PRE                   0.459          bin_counter/count_0
    ----------------------------------------
    Total                      3.590ns (1.787ns logic, 1.803ns route)
                                       (49.8% logic, 50.2% route)

=========================================================================
Timing constraint: Default OFFSET OUT AFTER for Clock 'bin_counter/rst'
  Total number of paths / destination ports: 8 / 8
-------------------------------------------------------------------------
Offset:              4.118ns (Levels of Logic = 1)
  Source:            led_7 (FF)
  Destination:       led<7> (PAD)
  Source Clock:      bin_counter/rst rising

  Data Path: led_7 to led<7>
                                Gate     Net
    Cell:in->out      fanout   Delay   Delay  Logical Name (Net Name)
    ----------------------------------------  ------------
     FDP:C->Q              1   0.525   0.681  led_7 (led_7)
     OBUF:I->O                 2.912          led_7_OBUF (led<7>)
    ----------------------------------------
    Total                      4.118ns (3.437ns logic, 0.681ns route)
                                       (83.5% logic, 16.5% route)

=========================================================================

Cross Clock Domains Report:
--------------------------

Clock to Setup on destination clock bin_counter/rst
---------------+---------+---------+---------+---------+
               | Src:Rise| Src:Fall| Src:Rise| Src:Fall|
Source Clock   |Dest:Rise|Dest:Rise|Dest:Fall|Dest:Fall|
---------------+---------+---------+---------+---------+
bin_counter/rst|    2.260|         |         |         |
---------------+---------+---------+---------+---------+

Clock to Setup on destination clock clk
---------------+---------+---------+---------+---------+
               | Src:Rise| Src:Fall| Src:Rise| Src:Fall|
Source Clock   |Dest:Rise|Dest:Rise|Dest:Fall|Dest:Fall|
---------------+---------+---------+---------+---------+
clk            |    4.728|         |         |         |
---------------+---------+---------+---------+---------+

=========================================================================


Total REAL time to Xst completion: 7.00 secs
Total CPU time to Xst completion: 6.43 secs
 
--> 


Total memory usage is 381848 kilobytes

Number of errors   :    0 (   0 filtered)
Number of warnings :    1 (   0 filtered)
Number of infos    :    1 (   0 filtered)

