#-----------------------------------------------------------
# PlanAhead v14.7 (64-bit)
# Build 321239 by xbuild on Fri Sep 27 19:24:36 MDT 2013
# Start of session at: Mon Apr 13 00:33:59 2020
# Process ID: 26511
# Log file: /home/sfn/Documents/xilinx/project/BinaryCounter/planAhead_run_3/planAhead.log
# Journal file: /home/sfn/Documents/xilinx/project/BinaryCounter/planAhead_run_3/planAhead.jou
#-----------------------------------------------------------
INFO: [Common 17-78] Attempting to get a license: PlanAhead
INFO: [Common 17-290] Got license for PlanAhead
INFO: [Device 21-36] Loading parts and site information from /opt/Xilinx/14.7/ISE_DS/PlanAhead/data/parts/arch.xml
Parsing RTL primitives file [/opt/Xilinx/14.7/ISE_DS/PlanAhead/data/parts/xilinx/rtl/prims/rtl_prims.xml]
Finished parsing RTL primitives file [/opt/Xilinx/14.7/ISE_DS/PlanAhead/data/parts/xilinx/rtl/prims/rtl_prims.xml]
start_gui
source /home/sfn/Documents/xilinx/project/BinaryCounter/pa.fromNetlist.tcl
# create_project -name BinaryCounter -dir "/home/sfn/Documents/xilinx/project/BinaryCounter/planAhead_run_3" -part xc6slx9tqg144-2
# set_property design_mode GateLvl [get_property srcset [current_run -impl]]
# set_property edif_top_file "/home/sfn/Documents/xilinx/project/BinaryCounter/top_vhdl.ngc" [ get_property srcset [ current_run ] ]
# add_files -norecurse { {/home/sfn/Documents/xilinx/project/BinaryCounter} }
# set_property target_constrs_file "pinmap.ucf" [current_fileset -constrset]
Adding file '/home/sfn/Documents/xilinx/project/BinaryCounter/pinmap.ucf' to fileset 'constrs_1'
# add_files [list {pinmap.ucf}] -fileset [get_property constrset [current_run]]
# link_design
Design is defaulting to srcset: sources_1
Design is defaulting to constrset: constrs_1
Design is defaulting to project part: xc6slx9tqg144-2
Release 14.7 - ngc2edif P.20131013 (lin64)
Copyright (c) 1995-2013 Xilinx, Inc.  All rights reserved.

Release 14.7 - ngc2edif P.20131013 (lin64)
Copyright (c) 1995-2013 Xilinx, Inc.  All rights reserved.
Reading design top_vhdl.ngc ...
WARNING:NetListWriters:298 - No output is written to top_vhdl.xncf, ignored.
Processing design ...
   Preping design's networks ...
   Preping design's macros ...
  finished :Prep
Writing EDIF netlist file top_vhdl.edif ...
ngc2edif: Total memory usage is 92100 kilobytes

Parsing EDIF File [./planAhead_run_3/BinaryCounter.data/cache/top_vhdl_ngc_12a093ff.edif]
Finished Parsing EDIF File [./planAhead_run_3/BinaryCounter.data/cache/top_vhdl_ngc_12a093ff.edif]
INFO: [Netlist 29-17] Analyzing 1 Unisim elements for replacement
INFO: [Netlist 29-28] Unisim Transformation completed in 0 CPU seconds
Loading clock regions from /opt/Xilinx/14.7/ISE_DS/PlanAhead/data/parts/xilinx/spartan6/spartan6lx/xc6slx9/ClockRegion.xml
Loading clock buffers from /opt/Xilinx/14.7/ISE_DS/PlanAhead/data/parts/xilinx/spartan6/spartan6lx/xc6slx9/ClockBuffers.xml
Loading package pin functions from /opt/Xilinx/14.7/ISE_DS/PlanAhead/data/parts/xilinx/spartan6/PinFunctions.xml...
Loading package from /opt/Xilinx/14.7/ISE_DS/PlanAhead/data/parts/xilinx/spartan6/spartan6lx/xc6slx9/tqg144/Package.xml
Loading io standards from /opt/Xilinx/14.7/ISE_DS/PlanAhead/data/./parts/xilinx/spartan6/IOStandards.xml
Loading device configuration modes from /opt/Xilinx/14.7/ISE_DS/PlanAhead/data/parts/xilinx/spartan6/ConfigModes.xml
Loading list of drcs for the architecture : /opt/Xilinx/14.7/ISE_DS/PlanAhead/data/./parts/xilinx/spartan6/drc.xml
Parsing UCF File [/home/sfn/Documents/xilinx/project/BinaryCounter/pinmap.ucf]
Finished Parsing UCF File [/home/sfn/Documents/xilinx/project/BinaryCounter/pinmap.ucf]
INFO: [Project 1-111] Unisim Transformation Summary:
  A total of 1 instances were transformed.
  BUFGP => BUFGP (IBUF, BUFG): 1 instances

Phase 0 | Netlist Checksum: 9ee750fb
link_design: Time (s): cpu = 00:00:25 ; elapsed = 00:00:22 . Memory (MB): peak = 2927.414 ; gain = 166.258
exit
ERROR: [#UNDEF] *** Exception: ui.h.b: Found deleted key in HTclEventBroker. Verify if the classes listed here call cleanup()
HTclEvent: SIGNAL_BUS_MODIFY   Classes: ui.views.aR 
HTclEvent: DEBUG_CORE_CONFIG_CHANGE   Classes: ui.views.aR 
HTclEvent: SIGNAL_MODIFY   Classes: ui.views.aR 
HTclEvent: DEBUG_PORT_CONFIG_CHANGE   Classes: ui.views.aR 
 (See /home/sfn/Documents/xilinx/project/BinaryCounter/planAhead_pid26511.debug)
ERROR: [Common 17-39] 'stop_gui' failed due to earlier errors.
INFO: [Common 17-206] Exiting PlanAhead at Mon Apr 13 00:34:50 2020...
INFO: [Common 17-83] Releasing license: PlanAhead
