
****** PlanAhead v14.7 (64-bit)
  **** Build 321239 by xbuild on Fri Sep 27 19:24:36 MDT 2013
    ** Copyright 1986-1999, 2001-2013 Xilinx, Inc. All Rights Reserved.

INFO: [Common 17-78] Attempting to get a license: PlanAhead
INFO: [Common 17-290] Got license for PlanAhead
INFO: [Device 21-36] Loading parts and site information from /opt/Xilinx/14.7/ISE_DS/PlanAhead/data/parts/arch.xml
Parsing RTL primitives file [/opt/Xilinx/14.7/ISE_DS/PlanAhead/data/parts/xilinx/rtl/prims/rtl_prims.xml]
Finished parsing RTL primitives file [/opt/Xilinx/14.7/ISE_DS/PlanAhead/data/parts/xilinx/rtl/prims/rtl_prims.xml]
start_gui
source /home/sfn/Documents/xilinx/project/BinaryCounter/pa.fromHdl.tcl
# create_project -name BinaryCounter -dir "/home/sfn/Documents/xilinx/project/BinaryCounter/planAhead_run_5" -part xc6slx9tqg144-2
# set_param project.pinAheadLayout yes
# set srcset [get_property srcset [current_run -impl]]
# set_property target_constrs_file "pinmap.ucf" [current_fileset -constrset]
Adding file '/home/sfn/Documents/xilinx/project/BinaryCounter/pinmap.ucf' to fileset 'constrs_1'
# set hdlfile [add_files [list {ClockDivider.vhd}]]
# set_property file_type VHDL $hdlfile
# set_property library work $hdlfile
# set hdlfile [add_files [list {top_vhdl.vhd}]]
# set_property file_type VHDL $hdlfile
# set_property library work $hdlfile
# set_property top top_vhdl $srcset
# add_files [list {pinmap.ucf}] -fileset [get_property constrset [current_run]]
# open_rtl_design -part xc6slx9tqg144-2
Using Verific elaboration
Parsing VHDL file "/opt/Xilinx/14.7/ISE_DS/PlanAhead/data/parts/xilinx/rtl/lib/synplify/synattr.vhd" into library synplify
Parsing VHDL file "/opt/Xilinx/14.7/ISE_DS/PlanAhead/data/parts/xilinx/rtl/lib/synplify/synattr.vhd" into library synplify
Parsing VHDL file "/home/sfn/Documents/xilinx/project/BinaryCounter/ClockDivider.vhd" into library work
Parsing VHDL file "/home/sfn/Documents/xilinx/project/BinaryCounter/top_vhdl.vhd" into library work
Loading clock regions from /opt/Xilinx/14.7/ISE_DS/PlanAhead/data/parts/xilinx/spartan6/spartan6lx/xc6slx9/ClockRegion.xml
Loading clock buffers from /opt/Xilinx/14.7/ISE_DS/PlanAhead/data/parts/xilinx/spartan6/spartan6lx/xc6slx9/ClockBuffers.xml
Loading package pin functions from /opt/Xilinx/14.7/ISE_DS/PlanAhead/data/parts/xilinx/spartan6/PinFunctions.xml...
Loading package from /opt/Xilinx/14.7/ISE_DS/PlanAhead/data/parts/xilinx/spartan6/spartan6lx/xc6slx9/tqg144/Package.xml
Loading io standards from /opt/Xilinx/14.7/ISE_DS/PlanAhead/data/./parts/xilinx/spartan6/IOStandards.xml
Loading device configuration modes from /opt/Xilinx/14.7/ISE_DS/PlanAhead/data/parts/xilinx/spartan6/ConfigModes.xml
Loading list of drcs for the architecture : /opt/Xilinx/14.7/ISE_DS/PlanAhead/data/./parts/xilinx/spartan6/drc.xml
Parsing UCF File [/home/sfn/Documents/xilinx/project/BinaryCounter/pinmap.ucf]
Finished Parsing UCF File [/home/sfn/Documents/xilinx/project/BinaryCounter/pinmap.ucf]
INFO: [Project 1-111] Unisim Transformation Summary:
No Unisim elements were transformed.

Phase 0 | Netlist Checksum: 126b1730
open_rtl_design: Time (s): cpu = 00:00:18 ; elapsed = 00:00:09 . Memory (MB): peak = 2881.062 ; gain = 142.441
update_compile_order -fileset sim_1
startgroup
set_property package_pin P74 [get_ports rst]
endgroup
save_constraints
MEvent. CASE!
MEvent. CASE!
MEvent. CASE!
MEvent. CASE!
MEvent. CASE!
MEvent. CASE!
MEvent. CASE!
MEvent. CASE!
MEvent. CASE!
MEvent. CASE!
MEvent. CASE!
MEvent. CASE!
MEvent. CASE!
MEvent. CASE!
MEvent. CASE!
MEvent. CASE!
update_compile_order -fileset sources_1
exit
INFO: [Common 17-206] Exiting PlanAhead at Mon Apr 13 00:54:29 2020...
INFO: [Common 17-83] Releasing license: PlanAhead
